Performing C SOURCE FILE Test CMAKE_HAVE_LIBC_PTHREAD failed with the following output:
Change Dir: /home/max/CLionProjects/ASGD/cmake-build-debug/CMakeFiles/CMakeTmp

Run Build Command(s):/usr/bin/make cmTC_b8348/fast && /usr/bin/make  -f CMakeFiles/cmTC_b8348.dir/build.make CMakeFiles/cmTC_b8348.dir/build
make[1]: Entering directory '/home/max/CLionProjects/ASGD/cmake-build-debug/CMakeFiles/CMakeTmp'
Building C object CMakeFiles/cmTC_b8348.dir/src.c.o
/usr/bin/gcc -DCMAKE_HAVE_LIBC_PTHREAD   -o CMakeFiles/cmTC_b8348.dir/src.c.o -c /home/max/CLionProjects/ASGD/cmake-build-debug/CMakeFiles/CMakeTmp/src.c
Linking C executable cmTC_b8348
/home/max/softwares/clion-2019.2.2/bin/cmake/linux/bin/cmake -E cmake_link_script CMakeFiles/cmTC_b8348.dir/link.txt --verbose=1
/usr/bin/gcc CMakeFiles/cmTC_b8348.dir/src.c.o -o cmTC_b8348 
CMakeFiles/cmTC_b8348.dir/src.c.o: In function `main':
src.c:(.text+0x3e): undefined reference to `pthread_create'
src.c:(.text+0x4a): undefined reference to `pthread_detach'
src.c:(.text+0x56): undefined reference to `pthread_cancel'
src.c:(.text+0x67): undefined reference to `pthread_join'
collect2: error: ld returned 1 exit status
CMakeFiles/cmTC_b8348.dir/build.make:105: recipe for target 'cmTC_b8348' failed
make[1]: *** [cmTC_b8348] Error 1
make[1]: Leaving directory '/home/max/CLionProjects/ASGD/cmake-build-debug/CMakeFiles/CMakeTmp'
Makefile:140: recipe for target 'cmTC_b8348/fast' failed
make: *** [cmTC_b8348/fast] Error 2


Source file was:
#include <pthread.h>

static void* test_func(void* data)
{
  return data;
}

int main(void)
{
  pthread_t thread;
  pthread_create(&thread, NULL, test_func, NULL);
  pthread_detach(thread);
  pthread_cancel(thread);
  pthread_join(thread, NULL);
  pthread_atfork(NULL, NULL, NULL);
  pthread_exit(NULL);

  return 0;
}

Determining if the function pthread_create exists in the pthreads failed with the following output:
Change Dir: /home/max/CLionProjects/ASGD/cmake-build-debug/CMakeFiles/CMakeTmp

Run Build Command(s):/usr/bin/make cmTC_088a4/fast && /usr/bin/make  -f CMakeFiles/cmTC_088a4.dir/build.make CMakeFiles/cmTC_088a4.dir/build
make[1]: Entering directory '/home/max/CLionProjects/ASGD/cmake-build-debug/CMakeFiles/CMakeTmp'
Building C object CMakeFiles/cmTC_088a4.dir/CheckFunctionExists.c.o
/usr/bin/gcc   -DCHECK_FUNCTION_EXISTS=pthread_create -o CMakeFiles/cmTC_088a4.dir/CheckFunctionExists.c.o -c /home/max/softwares/clion-2019.2.2/bin/cmake/linux/share/cmake-3.19/Modules/CheckFunctionExists.c
Linking C executable cmTC_088a4
/home/max/softwares/clion-2019.2.2/bin/cmake/linux/bin/cmake -E cmake_link_script CMakeFiles/cmTC_088a4.dir/link.txt --verbose=1
/usr/bin/gcc  -DCHECK_FUNCTION_EXISTS=pthread_create CMakeFiles/cmTC_088a4.dir/CheckFunctionExists.c.o -o cmTC_088a4  -lpthreads 
/usr/bin/ld: cannot find -lpthreads
collect2: error: ld returned 1 exit status
CMakeFiles/cmTC_088a4.dir/build.make:105: recipe for target 'cmTC_088a4' failed
make[1]: *** [cmTC_088a4] Error 1
make[1]: Leaving directory '/home/max/CLionProjects/ASGD/cmake-build-debug/CMakeFiles/CMakeTmp'
Makefile:140: recipe for target 'cmTC_088a4/fast' failed
make: *** [cmTC_088a4/fast] Error 2



